<?xml version="1.0" encoding="UTF-8"?>
<!-- Generated by org.testng.reporters.JUnitXMLReporter -->
<testsuite hostname="Neethus-MacBook-Pro.local" name="Command line test" tests="2" failures="0" timestamp="14 Feb 2018 07:17:52 GMT" time="22.165" errors="0">
  <testcase name="@AfterTest closeAll" time="0.0" classname="package2.test_gmailAppTest">
    <failure type="java.lang.NullPointerException">
      <![CDATA[java.lang.NullPointerException
	at package2.test_gmailAppTest.closeAll(test_gmailAppTest.java:127)
... Removed 31 stack frames]]>
    </failure>
  </testcase> <!-- @AfterTest closeAll -->
  <testcase name="testInboxTitle" time="2.571" classname="package2.test_gmailAppTest"/>
  <testcase name="testTabs" time="2.453" classname="package2.test_gmailAppTest"/>
</testsuite> <!-- Command line test -->
